#
# A fatal error has been detected by the Java Runtime Environment:
#
#  EXCEPTION_ACCESS_VIOLATION (0xc0000005) at pc=0x0000000062ae5e20, pid=7040, tid=1488
#
# JRE version: Java(TM) SE Runtime Environment (7.0_51-b13) (build 1.7.0_51-b13)
# Java VM: Java HotSpot(TM) 64-Bit Server VM (24.51-b03 mixed mode windows-amd64 compressed oops)
# Problematic frame:
# V  [jvm.dll+0x495e20]
#
# Failed to write core dump. Minidumps are not enabled by default on client versions of Windows
#
# If you would like to submit a bug report, please visit:
#   http://bugreport.sun.com/bugreport/crash.jsp
#

---------------  T H R E A D  ---------------

Current thread (0x000000000815e800):  JavaThread "C2 CompilerThread0" daemon [_thread_in_native, id=1488, stack(0x0000000009bd0000,0x0000000009cd0000)]

siginfo: ExceptionCode=0xc0000005, reading address 0xffffffffffffffff

Registers:
RAX=0x0000000062c29478, RBX=0x0000000009cccb20, RCX=0x000000000a0ec590, RDX=0x0000000009cccb20
RSP=0x0000000009ccbef0, RBP=0x0000000009f4dcb0, RSI=0x0000000009cccb20, RDI=0x000000000a0ec590
R8 =0x000000000a0da401, R9 =0x0000000000000a11, R10=0x0000000000000fff, R11=0x0000000000000000
R12=0x0000000009f4dcb0, R13=0x0000000009cccb20, R14=0x0000000000000030, R15=0x00000000000000ff
RIP=0x0000000062ae5e20, EFLAGS=0x0000000000010202

Top of Stack: (sp=0x0000000009ccbef0)
0x0000000009ccbef0:   0000000009cccb20 0000000062a3425c
0x0000000009ccbf00:   0000000009f92601 0000000088ca6bff
0x0000000009ccbf10:   0000000009cccb20 000000000a0ec590
0x0000000009ccbf20:   00000000000003f0 0000000062ae4434
0x0000000009ccbf30:   000000000a0ec590 0000000009f4dcb0
0x0000000009ccbf40:   0000000009cccb20 0000000009cccb20
0x0000000009ccbf50:   0000000000000000 0000000062acc1f3
0x0000000009ccbf60:   000000000a0ec590 0000000009f4dcb0
0x0000000009ccbf70:   0000000009f91fd8 000000000a0bc340
0x0000000009ccbf80:   0000000000000000 0000000000000000
0x0000000009ccbf90:   000000000a094200 000000000000001f
0x0000000009ccbfa0:   0000000009f928e8 0000000009cccb20
0x0000000009ccbfb0:   0000000009cccb20 0000000062ae5e23
0x0000000009ccbfc0:   0000000009f92858 000000000a0ec590
0x0000000009ccbfd0:   000000000000001e 0000000000000001
0x0000000009ccbfe0:   000000000a094200 0000000009ccebb0 

Instructions: (pc=0x0000000062ae5e20)
0x0000000062ae5e00:   48 81 c1 70 09 00 00 4c 89 64 24 48 48 8b fa e8
0x0000000062ae5e10:   2c d4 ff ff 48 8b 07 41 b0 01 48 8b d6 48 8b cf
0x0000000062ae5e20:   ff 50 48 48 8b d8 48 85 c0 74 3d 0f 1f 44 00 00
0x0000000062ae5e30:   48 8b d7 48 8b ce e8 85 ea ff ff 48 3b fb 74 11 


Register to memory mapping:

RAX=0x0000000062c29478 is an unknown value
RBX=0x0000000009cccb20 is pointing into the stack for thread: 0x000000000815e800
RCX=0x000000000a0ec590 is an unknown value
RDX=0x0000000009cccb20 is pointing into the stack for thread: 0x000000000815e800
RSP=0x0000000009ccbef0 is pointing into the stack for thread: 0x000000000815e800
RBP=0x0000000009f4dcb0 is an unknown value
RSI=0x0000000009cccb20 is pointing into the stack for thread: 0x000000000815e800
RDI=0x000000000a0ec590 is an unknown value
R8 =0x000000000a0da401 is an unknown value
R9 =0x0000000000000a11 is an unknown value
R10=0x0000000000000fff is an unknown value
R11=0x0000000000000000 is an unknown value
R12=0x0000000009f4dcb0 is an unknown value
R13=0x0000000009cccb20 is pointing into the stack for thread: 0x000000000815e800
R14=0x0000000000000030 is an unknown value
R15=0x00000000000000ff is an unknown value


Stack: [0x0000000009bd0000,0x0000000009cd0000],  sp=0x0000000009ccbef0,  free space=1007k
Native frames: (J=compiled Java code, j=interpreted, Vv=VM code, C=native code)
V  [jvm.dll+0x495e20]


Current CompileTask:
C2:   2486    7             java.util.Properties$LineReader::readLine (452 bytes)


---------------  P R O C E S S  ---------------

Java Threads: ( => current thread )
  0x000000000a017800 JavaThread "AWT-EventQueue-0" [_thread_blocked, id=2972, stack(0x000000000a840000,0x000000000a940000)]
  0x000000000a009000 JavaThread "AWT-Windows" daemon [_thread_in_native, id=712, stack(0x000000000a590000,0x000000000a690000)]
  0x000000000817f800 JavaThread "AWT-Shutdown" [_thread_blocked, id=6240, stack(0x000000000a490000,0x000000000a590000)]
  0x000000000817e800 JavaThread "Java2D Disposer" daemon [_thread_blocked, id=6416, stack(0x000000000a370000,0x000000000a470000)]
  0x000000000816c800 JavaThread "Service Thread" daemon [_thread_blocked, id=6616, stack(0x0000000009e00000,0x0000000009f00000)]
  0x0000000008163800 JavaThread "C2 CompilerThread1" daemon [_thread_blocked, id=6420, stack(0x0000000009520000,0x0000000009620000)]
=>0x000000000815e800 JavaThread "C2 CompilerThread0" daemon [_thread_in_native, id=1488, stack(0x0000000009bd0000,0x0000000009cd0000)]
  0x000000000815d000 JavaThread "Attach Listener" daemon [_thread_blocked, id=4184, stack(0x0000000009a00000,0x0000000009b00000)]
  0x0000000008155800 JavaThread "Signal Dispatcher" daemon [_thread_blocked, id=1596, stack(0x0000000009810000,0x0000000009910000)]
  0x0000000008103800 JavaThread "Finalizer" daemon [_thread_blocked, id=1964, stack(0x0000000009630000,0x0000000009730000)]
  0x00000000080fc800 JavaThread "Reference Handler" daemon [_thread_blocked, id=6896, stack(0x00000000093e0000,0x00000000094e0000)]
  0x000000000012d800 JavaThread "main" [_thread_in_native, id=3620, stack(0x0000000002090000,0x0000000002190000)]

Other Threads:
  0x00000000080f7000 VMThread [stack: 0x00000000091a0000,0x00000000092a0000] [id=4656]
  0x0000000008176800 WatcherThread [stack: 0x0000000009d00000,0x0000000009e00000] [id=3352]

VM state:not at safepoint (normal execution)

VM Mutex/Monitor currently owned by a thread: None

Heap
 PSYoungGen      total 18944K, used 4005K [0x00000000eb680000, 0x00000000ecb80000, 0x0000000100000000)
  eden space 16384K, 24% used [0x00000000eb680000,0x00000000eba69528,0x00000000ec680000)
  from space 2560K, 0% used [0x00000000ec900000,0x00000000ec900000,0x00000000ecb80000)
  to   space 2560K, 0% used [0x00000000ec680000,0x00000000ec680000,0x00000000ec900000)
 ParOldGen       total 41984K, used 0K [0x00000000c2400000, 0x00000000c4d00000, 0x00000000eb680000)
  object space 41984K, 0% used [0x00000000c2400000,0x00000000c2400000,0x00000000c4d00000)
 PSPermGen       total 21504K, used 7780K [0x00000000bd200000, 0x00000000be700000, 0x00000000c2400000)
  object space 21504K, 36% used [0x00000000bd200000,0x00000000bd999358,0x00000000be700000)

Card table byte_map: [0x0000000005190000,0x00000000053b0000] byte_map_base: 0x0000000004ba7000

Polling page: 0x0000000000110000

Code Cache  [0x0000000002190000, 0x0000000002400000, 0x0000000005190000)
 total_blobs=368 nmethods=6 adapters=315 free_code_cache=48666Kb largest_free_block=49821952

Compilation events (10 events):
Event: 1.421 Thread 0x0000000008163800 nmethod 2 0x00000000022049d0 code [0x0000000002204b00, 0x0000000002204b58]
Event: 1.573 Thread 0x000000000815e800    3             java.lang.String::indexOf (70 bytes)
Event: 1.577 Thread 0x000000000815e800 nmethod 3 0x0000000002206450 code [0x00000000022065a0, 0x0000000002206728]
Event: 1.578 Thread 0x0000000008163800    4             java.lang.String::charAt (29 bytes)
Event: 1.579 Thread 0x0000000008163800 nmethod 4 0x0000000002201d90 code [0x0000000002201ec0, 0x0000000002201f58]
Event: 1.583 Thread 0x000000000815e800    5             java.lang.Object::<init> (1 bytes)
Event: 1.584 Thread 0x000000000815e800 nmethod 5 0x0000000002204d10 code [0x0000000002204e40, 0x0000000002204eb8]
Event: 2.440 Thread 0x0000000008163800    6             java.util.Arrays::binarySearch0 (95 bytes)
Event: 2.443 Thread 0x0000000008163800 nmethod 6 0x000000000220c210 code [0x000000000220c360, 0x000000000220c518]
Event: 2.477 Thread 0x000000000815e800    7             java.util.Properties$LineReader::readLine (452 bytes)

GC Heap History (0 events):
No events

Deoptimization events (0 events):
No events

Internal exceptions (10 events):
Event: 0.045 Thread 0x000000000012d800 Threw 0x00000000eb68b020 at C:\re\jdk7u51\527\hotspot\src\share\vm\prims\jni.cpp:3991
Event: 0.079 Thread 0x000000000012d800 Threw 0x00000000eb6ca930 at C:\re\jdk7u51\527\hotspot\src\share\vm\prims\jvm.cpp:1244
Event: 0.149 Thread 0x000000000012d800 Threw 0x00000000eb6d0af0 at C:\re\jdk7u51\527\hotspot\src\share\vm\prims\jvm.cpp:1244
Event: 0.152 Thread 0x000000000012d800 Threw 0x00000000eb6d2a40 at C:\re\jdk7u51\527\hotspot\src\share\vm\prims\jvm.cpp:1244
Event: 0.161 Thread 0x000000000012d800 Threw 0x00000000eb6d9d08 at C:\re\jdk7u51\527\hotspot\src\share\vm\prims\jni.cpp:717
Event: 0.402 Thread 0x000000000012d800 Threw 0x00000000eb6f7c48 at C:\re\jdk7u51\527\hotspot\src\share\vm\prims\jni.cpp:717
Event: 1.683 Thread 0x000000000012d800 Threw 0x00000000eb85bf68 at C:\re\jdk7u51\527\hotspot\src\share\vm\prims\jvm.cpp:1244
Event: 1.683 Thread 0x000000000012d800 Threw 0x00000000eb85c090 at C:\re\jdk7u51\527\hotspot\src\share\vm\prims\jvm.cpp:1244
Event: 1.685 Thread 0x000000000012d800 Threw 0x00000000eb85f6c8 at C:\re\jdk7u51\527\hotspot\src\share\vm\prims\jvm.cpp:1244
Event: 1.685 Thread 0x000000000012d800 Threw 0x00000000eb85f7f0 at C:\re\jdk7u51\527\hotspot\src\share\vm\prims\jvm.cpp:1244

Events (10 events):
Event: 2.478 loading class 0x000000000a01fbe0
Event: 2.478 loading class 0x000000000a01fbe0 done
Event: 2.479 loading class 0x0000000001eaa5e0
Event: 2.479 loading class 0x0000000001eaa5e0 done
Event: 2.479 loading class 0x000000000a01ebc0
Event: 2.479 loading class 0x000000000a01ebc0 done
Event: 2.479 loading class 0x0000000009f4b640
Event: 2.480 loading class 0x0000000009f4b640 done
Event: 2.480 loading class 0x000000000a021710
Event: 2.480 loading class 0x000000000a021710 done


Dynamic libraries:
0x000000013f980000 - 0x000000013f9b3000 	C:\Program Files\Java\jre7\bin\javaw.exe
0x0000000077700000 - 0x00000000778a9000 	C:\Windows\SYSTEM32\ntdll.dll
0x00000000774e0000 - 0x00000000775ff000 	C:\Windows\system32\kernel32.dll
0x000007fefd740000 - 0x000007fefd7ab000 	C:\Windows\system32\KERNELBASE.dll
0x000007fefdf30000 - 0x000007fefe00b000 	C:\Windows\system32\ADVAPI32.dll
0x000007fefde90000 - 0x000007fefdf2f000 	C:\Windows\system32\msvcrt.dll
0x000007fefde70000 - 0x000007fefde8f000 	C:\Windows\SYSTEM32\sechost.dll
0x000007feff6d0000 - 0x000007feff7fd000 	C:\Windows\system32\RPCRT4.dll
0x0000000077600000 - 0x00000000776fa000 	C:\Windows\system32\USER32.dll
0x000007feff3c0000 - 0x000007feff427000 	C:\Windows\system32\GDI32.dll
0x000007feff6c0000 - 0x000007feff6ce000 	C:\Windows\system32\LPK.dll
0x000007fefe400000 - 0x000007fefe4c9000 	C:\Windows\system32\USP10.dll
0x000007fefc0d0000 - 0x000007fefc2c4000 	C:\Windows\WinSxS\amd64_microsoft.windows.common-controls_6595b64144ccf1df_6.0.7601.17514_none_fa396087175ac9ac\COMCTL32.dll
0x000007feff310000 - 0x000007feff381000 	C:\Windows\system32\SHLWAPI.dll
0x000007fefe1f0000 - 0x000007fefe21e000 	C:\Windows\system32\IMM32.DLL
0x000007feff4d0000 - 0x000007feff5d9000 	C:\Windows\system32\MSCTF.dll
0x0000000068cd0000 - 0x0000000068da2000 	C:\Program Files\Java\jre7\bin\msvcr100.dll
0x0000000062650000 - 0x0000000062e19000 	C:\Program Files\Java\jre7\bin\server\jvm.dll
0x000007fef7cc0000 - 0x000007fef7cc9000 	C:\Windows\system32\WSOCK32.dll
0x000007feff2c0000 - 0x000007feff30d000 	C:\Windows\system32\WS2_32.dll
0x000007feff3b0000 - 0x000007feff3b8000 	C:\Windows\system32\NSI.dll
0x000007fef8890000 - 0x000007fef88cb000 	C:\Windows\system32\WINMM.dll
0x00000000778d0000 - 0x00000000778d7000 	C:\Windows\system32\PSAPI.DLL
0x0000000072790000 - 0x000000007279f000 	C:\Program Files\Java\jre7\bin\verify.dll
0x000000006a370000 - 0x000000006a398000 	C:\Program Files\Java\jre7\bin\java.dll
0x000000006d230000 - 0x000000006d245000 	C:\Program Files\Java\jre7\bin\zip.dll
0x0000000066a20000 - 0x0000000066bb5000 	C:\Program Files\Java\jre7\bin\awt.dll
0x000007feff5e0000 - 0x000007feff6b7000 	C:\Windows\system32\OLEAUT32.dll
0x000007feff800000 - 0x000007feffa03000 	C:\Windows\system32\ole32.dll
0x000007fefb9b0000 - 0x000007fefb9c8000 	C:\Windows\system32\DWMAPI.DLL
0x000007fefbef0000 - 0x000007fefbf46000 	C:\Windows\system32\uxtheme.dll
0x000007fefd3e0000 - 0x000007fefd3ef000 	C:\Windows\system32\CRYPTBASE.dll
0x0000000180000000 - 0x000000018004a000 	C:\Program Files\Acer\Acer ePower Management\SysHook.dll
0x000007fef9780000 - 0x000007fef97f1000 	C:\Windows\system32\WINSPOOL.DRV
0x000007fefe530000 - 0x000007feff2b8000 	C:\Windows\system32\SHELL32.dll
0x0000000068c80000 - 0x0000000068cc7000 	C:\Program Files\Java\jre7\bin\fontmanager.dll
0x0000000069f50000 - 0x0000000069f69000 	C:\Program Files\Java\jre7\bin\net.dll
0x000007fefcd00000 - 0x000007fefcd55000 	C:\Windows\system32\mswsock.dll
0x000007fefccf0000 - 0x000007fefccf7000 	C:\Windows\System32\wship6.dll
0x000007fefc690000 - 0x000007fefc697000 	C:\Windows\System32\wshtcpip.dll
0x000007fefcb80000 - 0x000007fefcbdb000 	C:\Windows\system32\DNSAPI.dll
0x000007fef7ce0000 - 0x000007fef7d0e000 	C:\Program Files\Common Files\Microsoft Shared\Windows Live\WLIDNSP.DLL
0x000007fefae00000 - 0x000007fefaf25000 	C:\Windows\system32\dbghelp.dll
0x000007fefa670000 - 0x000007fefa697000 	C:\Windows\system32\IPHLPAPI.DLL
0x000007fefa660000 - 0x000007fefa66b000 	C:\Windows\system32\WINNSI.DLL
0x000007fef7cd0000 - 0x000007fef7cd8000 	C:\Windows\system32\rasadhlp.dll

VM Arguments:
jvm_args: -Dfile.encoding=Cp1252 
java_command: d.Main
Launcher Type: SUN_STANDARD

Environment Variables:
CLASSPATH=C:\Program Files\Java\jdk1.6.0_29\bin
PATH=C:/Program Files/Java/jdk1.6.0_29/bin/../jre/bin/server;C:/Program Files/Java/jdk1.6.0_29/bin/../jre/bin;C:/Program Files/Java/jdk1.6.0_29/bin/../jre/lib/amd64;C:\Program Files\Java\jdk1.6.0_29\bin;C:\Users\Wynn\Desktop\eclipse;
USERNAME=Wynn
OS=Windows_NT
PROCESSOR_IDENTIFIER=Intel64 Family 6 Model 42 Stepping 7, GenuineIntel



---------------  S Y S T E M  ---------------

OS: Windows 7 , 64 bit Build 7601 Service Pack 1

CPU:total 4 (2 cores per cpu, 2 threads per core) family 6 model 42 stepping 7, cmov, cx8, fxsr, mmx, sse, sse2, sse3, ssse3, sse4.1, sse4.2, popcnt, avx, ht, tsc, tscinvbit

Memory: 4k page, physical 4042608k(1265744k free), swap 8083352k(4706944k free)

vm_info: Java HotSpot(TM) 64-Bit Server VM (24.51-b03) for windows-amd64 JRE (1.7.0_51-b13), built on Dec 18 2013 18:40:56 by "java_re" with unknown MS VC++:1600

time: Wed Feb 12 14:19:41 2014
elapsed time: 2 seconds

